<?xml version="1.0" encoding="UTF-8" ?>
<testsuite tests="4" failures="0" name="test.java.Runner.TestRunner" time="0.021" errors="0" skipped="0">
  <properties>
    <property name="DISPLAY" value="needs-to-be-defined"/>
    <property name="PROCESSOR_ARCHITECTURE" value="AMD64"/>
    <property name="file.encoding.pkg" value="sun.io"/>
    <property name="MINGW_CHOST" value="x86_64-w64-mingw32"/>
    <property name="LOGONSERVER" value="\\SHUBHAMJ-PC"/>
    <property name="ProgramData" value="C:\ProgramData"/>
    <property name="java.home" value="C:\Program Files\Java\jdk1.8.0_131\jre"/>
    <property name="ACLOCAL_PATH" value="C:\Program Files\Git\mingw64\share\aclocal;C:\Program Files\Git\usr\share\aclocal"/>
    <property name="MSYSTEM" value="MINGW64"/>
    <property name="NODE_NAME" value="master"/>
    <property name="PWD" value="D:/Jenkins"/>
    <property name="JENKINS_URL" value="http://localhost:9090/"/>
    <property name="VS110COMNTOOLS" value="C:\Program Files (x86)\Microsoft Visual Studio 11.0\Common7\Tools\"/>
    <property name="ALLUSERSPROFILE" value="C:\ProgramData"/>
    <property name="java.endorsed.dirs" value="C:\Program Files\Java\jdk1.8.0_131\jre\lib\endorsed"/>
    <property name="PSModulePath" value="C:\Program Files\WindowsPowerShell\Modules;C:\WINDOWS\system32\WindowsPowerShell\v1.0\Modules"/>
    <property name="=::" value="::\"/>
    <property name="USERDOMAIN" value="SHUBHAMJ-PC"/>
    <property name="ORIGINAL_PATH" value="C:\Program Files\Git\mingw64\bin;C:\Program Files\Git\usr\bin;C:\Users\Shubham Jain\bin;C:\ProgramData\Oracle\Java\javapath;C:\Program Files (x86)\NVIDIA Corporation\PhysX\Common;C:\WINDOWS\system32;C:\WINDOWS;C:\WINDOWS\System32\Wbem;C:\WINDOWS\System32\WindowsPowerShell\v1.0;C:\Program Files\Git\cmd;C:\Program Files (x86)\Skype\Phone;D:\appium\andriodsdk\Sdk\platform-tools;D:\appium\andriodsdk\Sdk\tools;D:\maven\apache-maven\bin;C:\Program Files\nodejs;C:\Python27;C:\Program Files\Microsoft SQL Server\110\Tools\Binn;D:\performace\apache-ant-1.10.1\bin;C:\Program Files\Java\jdk1.8.0_131\bin;C:\Program Files\PuTTY;C:\Python27\Scripts;C:\Program Files\OWASP\Zed Attack Proxy;D:\curl\bin;C:\Program Files (x86)\Microsoft Emulator Manager\1.0;C:\PostgreSQL\pg96\bin;C:\Users\Shubham Jain\AppData\Local\Microsoft\WindowsApps;C:\Users\Shubham Jain\AppData\Roaming\npm;C:\Program Files (x86)\Microsoft VS Code\bin;C:\Program Files (x86)\Nmap"/>
    <property name="sun.os.patch.level" value=""/>
    <property name="java.vendor.url" value="http://java.oracle.com/"/>
    <property name="PKG_CONFIG_PATH" value="C:\Program Files\Git\mingw64\lib\pkgconfig;C:\Program Files\Git\mingw64\share\pkgconfig"/>
    <property name="CommonProgramFiles(x86)" value="C:\Program Files (x86)\Common Files"/>
    <property name="java.version" value="1.8.0_131"/>
    <property name="JOB_NAME" value="MavenJenkinsCI"/>
    <property name="COMPUTERNAME" value="SHUBHAMJ-PC"/>
    <property name="SYSTEMDRIVE" value="C:"/>
    <property name="ANDROID_HOME" value="D:\appium\andriodsdk\Sdk"/>
    <property name="java.vendor.url.bug" value="http://bugreport.sun.com/bugreport/"/>
    <property name="PUBLIC" value="C:\Users\Public"/>
    <property name="CONFIG_SITE" value="C:/Program Files/Git/mingw64/etc/config.site"/>
    <property name="user.name" value="Shubham Jain"/>
    <property name="sun.io.unicode.encoding" value="UnicodeLittle"/>
    <property name="sun.jnu.encoding" value="Cp1252"/>
    <property name="java.runtime.name" value="Java(TM) SE Runtime Environment"/>
    <property name="PROCESSOR_IDENTIFIER" value="Intel64 Family 6 Model 94 Stepping 3, GenuineIntel"/>
    <property name="java.specification.name" value="Java Platform API Specification"/>
    <property name="LOCALAPPDATA" value="C:\Users\Shubham Jain\AppData\Local"/>
    <property name="RUN_CHANGES_DISPLAY_URL" value="http://localhost:9090/job/MavenJenkinsCI/8/display/redirect?page=changes"/>
    <property name="MSYSTEM_CARCH" value="x86_64"/>
    <property name="user.timezone" value="Asia/Calcutta"/>
    <property name="INFOPATH" value="C:\Program Files\Git\usr\local\info;C:\Program Files\Git\usr\share\info;C:\Program Files\Git\usr\info;C:\Program Files\Git\share\info"/>
    <property name="user.script" value=""/>
    <property name="path.separator" value=";"/>
    <property name="NUMBER_OF_PROCESSORS" value="4"/>
    <property name="BUILD_TAG" value="jenkins-MavenJenkinsCI-8"/>
    <property name="TERM" value="xterm"/>
    <property name="file.encoding" value="Cp1252"/>
    <property name="PATH" value="C:\Program Files\Java\jdk1.8.0_131/bin;C:\Users\Shubham Jain\bin;C:\Program Files\Git\mingw64\bin;C:\Program Files\Git\usr\local\bin;C:\Program Files\Git\usr\bin;C:\Program Files\Git\usr\bin;C:\Program Files\Git\mingw64\bin;C:\Program Files\Git\usr\bin;C:\Users\Shubham Jain\bin;C:\ProgramData\Oracle\Java\javapath;C:\Program Files (x86)\NVIDIA Corporation\PhysX\Common;C:\WINDOWS\system32;C:\WINDOWS;C:\WINDOWS\System32\Wbem;C:\WINDOWS\System32\WindowsPowerShell\v1.0;C:\Program Files\Git\cmd;C:\Program Files (x86)\Skype\Phone;D:\appium\andriodsdk\Sdk\platform-tools;D:\appium\andriodsdk\Sdk\tools;D:\maven\apache-maven\bin;C:\Program Files\nodejs;C:\Python27;C:\Program Files\Microsoft SQL Server\110\Tools\Binn;D:\performace\apache-ant-1.10.1\bin;C:\Program Files\Java\jdk1.8.0_131\bin;C:\Program Files\PuTTY;C:\Python27\Scripts;C:\Program Files\OWASP\Zed Attack Proxy;D:\curl\bin;C:\Program Files (x86)\Microsoft Emulator Manager\1.0;C:\PostgreSQL\pg96\bin;C:\Users\Shubham Jain\AppData\Local\Microsoft\WindowsApps;C:\Users\Shubham Jain\AppData\Roaming\npm;C:\Program Files (x86)\Microsoft VS Code\bin;C:\Program Files (x86)\Nmap;C:\Program Files\Git\usr\bin\vendor_perl;C:\Program Files\Git\usr\bin\core_perl"/>
    <property name="sun.java.command" value="jenkins.maven3.agent.Maven35Main D:\maven\apache-maven\ D:\Jenkins\Workspace\war\WEB-INF\lib\remoting-3.10.jar D:\Jenkins\Workspace\plugins\maven-plugin\WEB-INF\lib\maven35-interceptor-1.12-alpha-1.jar D:\Jenkins\Workspace\plugins\maven-plugin\WEB-INF\lib\maven3-interceptor-commons-1.12-alpha-1.jar 4991"/>
    <property name="HUDSON_URL" value="http://localhost:9090/"/>
    <property name="JENKINS_SERVER_COOKIE" value="5de16b765d238713"/>
    <property name="EXECUTOR_NUMBER" value="1"/>
    <property name="PLINK_PROTOCOL" value="ssh"/>
    <property name="GIT_COMMIT" value="6d0a5e8385e5359221b68433bfa2254534ff87df"/>
    <property name="MANPATH" value="C:\Program Files\Git\mingw64\share\man;C:\Program Files\Git\usr\local\man;C:\Program Files\Git\usr\share\man;C:\Program Files\Git\usr\man;C:\Program Files\Git\share\man"/>
    <property name="java.io.tmpdir" value="C:\Users\SHUBHA~1\AppData\Local\Temp\"/>
    <property name="APPDATA" value="C:\Users\Shubham Jain\AppData\Roaming"/>
    <property name="user.language" value="en"/>
    <property name="SYSTEMROOT" value="C:\WINDOWS"/>
    <property name="line.separator" value="
"/>
    <property name="BUILD_URL" value="http://localhost:9090/job/MavenJenkinsCI/8/"/>
    <property name="SHLVL" value="1"/>
    <property name="M2_HOME" value="D:\maven\apache-maven\"/>
    <property name="COMMONPROGRAMFILES" value="C:\Program Files\Common Files"/>
    <property name="java.vm.info" value="mixed mode"/>
    <property name="sun.desktop" value="windows"/>
    <property name="java.vm.specification.name" value="Java Virtual Machine Specification"/>
    <property name="BUILD_DISPLAY_NAME" value="#8"/>
    <property name="OS" value="Windows_NT"/>
    <property name="guice.disable.misplaced.annotation.check" value="true"/>
    <property name="HUDSON_SERVER_COOKIE" value="5de16b765d238713"/>
    <property name="PS1" value="\[\033]0;$TITLEPREFIX:${PWD//[^[:ascii:]]/?}\007\]\n\[\033[32m\]\u@\h \[\033[35m\]MINGW64 \[\033[33m\]\w\[\033[36m\]`__git_ps1`\[\033[0m\]\n$ "/>
    <property name="MAVEN_HOME" value="D:\maven\apache-maven\"/>
    <property name="SESSIONNAME" value="Console"/>
    <property name="PATHEXT" value=".COM;.EXE;.BAT;.CMD;.VBS;.VBE;.JS;.JSE;.WSF;.WSH;.MSC"/>
    <property name="java.awt.printerjob" value="sun.awt.windows.WPrinterJob"/>
    <property name="maven3.interceptor.common" value="D:\Jenkins\Workspace\plugins\maven-plugin\WEB-INF\lib\maven3-interceptor-commons-1.12-alpha-1.jar"/>
    <property name="CLASSPATH" value=""/>
    <property name="ORIGINAL_TEMP" value="C:/Users/SHUBHA~1/AppData/Local/Temp"/>
    <property name="HOMEPATH" value="\Users\Shubham Jain"/>
    <property name="TMPDIR" value="C:\Users\SHUBHA~1\AppData\Local\Temp"/>
    <property name="os.name" value="Windows 10"/>
    <property name="java.specification.vendor" value="Oracle Corporation"/>
    <property name="java.vm.name" value="Java HotSpot(TM) 64-Bit Server VM"/>
    <property name="BUILD_NUMBER" value="8"/>
    <property name="maven3.interceptor" value="D:\Jenkins\Workspace\plugins\maven-plugin\WEB-INF\lib\maven35-interceptor-1.12-alpha-1.jar"/>
    <property name="java.library.path" value="C:\Program Files\Java\jdk1.8.0_131\bin;C:\WINDOWS\Sun\Java\bin;C:\WINDOWS\system32;C:\WINDOWS;D:\maven\apache-maven\/bin;C:\Program Files\Java\jdk1.8.0_131/bin;C:\Program Files\Java\jdk1.8.0_131/bin;C:\Users\Shubham Jain\bin;C:\Program Files\Git\mingw64\bin;C:\Program Files\Git\usr\local\bin;C:\Program Files\Git\usr\bin;C:\Program Files\Git\usr\bin;C:\Program Files\Git\mingw64\bin;C:\Program Files\Git\usr\bin;C:\Users\Shubham Jain\bin;C:\ProgramData\Oracle\Java\javapath;C:\Program Files (x86)\NVIDIA Corporation\PhysX\Common;C:\WINDOWS\system32;C:\WINDOWS;C:\WINDOWS\System32\Wbem;C:\WINDOWS\System32\WindowsPowerShell\v1.0;C:\Program Files\Git\cmd;C:\Program Files (x86)\Skype\Phone;D:\appium\andriodsdk\Sdk\platform-tools;D:\appium\andriodsdk\Sdk\tools;D:\maven\apache-maven\bin;C:\Program Files\nodejs;C:\Python27;C:\Program Files\Microsoft SQL Server\110\Tools\Binn;D:\performace\apache-ant-1.10.1\bin;C:\Program Files\Java\jdk1.8.0_131\bin;C:\Program Files\PuTTY;C:\Python27\Scripts;C:\Program Files\OWASP\Zed Attack Proxy;D:\curl\bin;C:\Program Files (x86)\Microsoft Emulator Manager\1.0;C:\PostgreSQL\pg96\bin;C:\Users\Shubham Jain\AppData\Local\Microsoft\WindowsApps;C:\Users\Shubham Jain\AppData\Roaming\npm;C:\Program Files (x86)\Microsoft VS Code\bin;C:\Program Files (x86)\Nmap;C:\Program Files\Git\usr\bin\vendor_perl;C:\Program Files\Git\usr\bin\core_perl;."/>
    <property name="HOMEDRIVE" value="C:"/>
    <property name="POM_GROUPID" value="MavenJenkins"/>
    <property name="POM_ARTIFACTID" value="MavenJenkins"/>
    <property name="java.class.version" value="52.0"/>
    <property name="JOB_URL" value="http://localhost:9090/job/MavenJenkinsCI/"/>
    <property name="GIT_PREVIOUS_COMMIT" value="6d0a5e8385e5359221b68433bfa2254534ff87df"/>
    <property name="ANT_HOME" value="D:\performace\apache-ant-1.10.1"/>
    <property name="OneDrive" value="C:\Users\Shubham Jain\OneDrive"/>
    <property name="MINGW_PACKAGE_PREFIX" value="mingw-w64-x86_64"/>
    <property name="GIT_BRANCH" value="origin/master"/>
    <property name="RUN_DISPLAY_URL" value="http://localhost:9090/job/MavenJenkinsCI/8/display/redirect"/>
    <property name="VBOX_MSI_INSTALL_PATH" value="C:\Program Files\Oracle\VirtualBox\"/>
    <property name="JENKINS_HOME" value="D:\Jenkins\Workspace"/>
    <property name="BUILD_ID" value="8"/>
    <property name="TEMP" value="C:\Users\SHUBHA~1\AppData\Local\Temp"/>
    <property name="sun.boot.library.path" value="C:\Program Files\Java\jdk1.8.0_131\jre\bin"/>
    <property name="MSYSTEM_PREFIX" value="C:/Program Files/Git/mingw64"/>
    <property name="sun.management.compiler" value="HotSpot 64-Bit Tiered Compilers"/>
    <property name="java.awt.graphicsenv" value="sun.awt.Win32GraphicsEnvironment"/>
    <property name="user.variant" value=""/>
    <property name="PROCESSOR_REVISION" value="5e03"/>
    <property name="POM_VERSION" value="0.0.1-SNAPSHOT"/>
    <property name="HUDSON_HOME" value="D:\Jenkins\Workspace"/>
    <property name="GIT_PREVIOUS_SUCCESSFUL_COMMIT" value="6d0a5e8385e5359221b68433bfa2254534ff87df"/>
    <property name="COMSPEC" value="C:\WINDOWS\system32\cmd.exe"/>
    <property name="ProgramFiles(x86)" value="C:\Program Files (x86)"/>
    <property name="PATH+MAVEN" value="D:\maven\apache-maven\/bin"/>
    <property name="USERDOMAIN_ROAMINGPROFILE" value="SHUBHAMJ-PC"/>
    <property name="java.vm.specification.version" value="1.8"/>
    <property name="JAVA_HOME" value="C:\Program Files\Java\jdk1.8.0_131"/>
    <property name="SHELL" value="C:\Program Files\Git\usr\bin\bash.exe"/>
    <property name="awt.toolkit" value="sun.awt.windows.WToolkit"/>
    <property name="NODE_LABELS" value="master"/>
    <property name="PROGRAMFILES" value="C:\Program Files"/>
    <property name="sun.cpu.isalist" value="amd64"/>
    <property name="USERPROFILE" value="C:\Users\Shubham Jain"/>
    <property name="JOB_DISPLAY_URL" value="http://localhost:9090/job/MavenJenkinsCI/display/redirect"/>
    <property name="java.ext.dirs" value="C:\Program Files\Java\jdk1.8.0_131\jre\lib\ext;C:\WINDOWS\Sun\Java\lib\ext"/>
    <property name="os.version" value="10.0"/>
    <property name="user.home" value="C:\Users\Shubham Jain"/>
    <property name="USERNAME" value="Shubham Jain"/>
    <property name="_" value="C:/ProgramData/Oracle/Java/javapath_target_250750671/java"/>
    <property name="java.vm.vendor" value="Oracle Corporation"/>
    <property name="PROCESSOR_LEVEL" value="6"/>
    <property name="CommonProgramW6432" value="C:\Program Files\Common Files"/>
    <property name="user.dir" value="D:\Workspace\MavenJenkins"/>
    <property name="maven.conf" value="D:\maven\apache-maven\conf"/>
    <property name="SSH_ASKPASS" value="C:/Program Files/Git/mingw64/libexec/git-core/git-gui--askpass"/>
    <property name="ProgramW6432" value="C:\Program Files"/>
    <property name="TMP" value="C:\Users\SHUBHA~1\AppData\Local\Temp"/>
    <property name="MINGW_PREFIX" value="C:/Program Files/Git/mingw64"/>
    <property name="sun.cpu.endian" value="little"/>
    <property name="java.vm.version" value="25.131-b11"/>
    <property name="java.class.path" value="D:\Jenkins\Workspace\plugins\maven-plugin\WEB-INF\lib\maven35-agent-1.12-alpha-1.jar;D:\maven\apache-maven\boot\plexus-classworlds-2.5.2.jar;D:\maven\apache-maven/conf/logging"/>
    <property name="org.slf4j.simpleLogger.defaultLogLevel" value="info"/>
    <property name="os.arch" value="amd64"/>
    <property name="WORKSPACE" value="D:\Jenkins\Workspace\workspace\MavenJenkinsCI"/>
    <property name="sun.java.launcher" value="SUN_STANDARD"/>
    <property name="FPS_BROWSER_APP_PROFILE_STRING" value="Internet Explorer"/>
    <property name="LANG" value="en_US.UTF-8"/>
    <property name="FPS_BROWSER_USER_PROFILE_STRING" value="Default"/>
    <property name="java.vm.specification.vendor" value="Oracle Corporation"/>
    <property name="file.separator" value="\"/>
    <property name="java.runtime.version" value="1.8.0_131-b11"/>
    <property name="sun.boot.class.path" value="C:\Program Files\Java\jdk1.8.0_131\jre\lib\resources.jar;C:\Program Files\Java\jdk1.8.0_131\jre\lib\rt.jar;C:\Program Files\Java\jdk1.8.0_131\jre\lib\sunrsasign.jar;C:\Program Files\Java\jdk1.8.0_131\jre\lib\jsse.jar;C:\Program Files\Java\jdk1.8.0_131\jre\lib\jce.jar;C:\Program Files\Java\jdk1.8.0_131\jre\lib\charsets.jar;C:\Program Files\Java\jdk1.8.0_131\jre\lib\jfr.jar;C:\Program Files\Java\jdk1.8.0_131\jre\classes"/>
    <property name="PATH+JDK" value="C:\Program Files\Java\jdk1.8.0_131/bin"/>
    <property name="user.country" value="US"/>
    <property name="MSYSTEM_CHOST" value="x86_64-w64-mingw32"/>
    <property name="POM_PACKAGING" value="jar"/>
    <property name="maven.home" value="D:\maven\apache-maven"/>
    <property name="EXEPATH" value="C:\Program Files\Git"/>
    <property name="ORIGINAL_TMP" value="C:/Users/SHUBHA~1/AppData/Local/Temp"/>
    <property name="JOB_BASE_NAME" value="MavenJenkinsCI"/>
    <property name="HOSTNAME" value="ShubhamJ-PC"/>
    <property name="HOME" value="C:\Users\Shubham Jain"/>
    <property name="java.vendor" value="Oracle Corporation"/>
    <property name="WINDIR" value="C:\WINDOWS"/>
    <property name="POM_DISPLAYNAME" value="MavenJenkins"/>
    <property name="java.specification.version" value="1.8"/>
    <property name="sun.arch.data.model" value="64"/>
    <property name="GIT_URL" value="https://github.com/shubhamj-cuelogic/MavenJenkins.git"/>
  </properties>
  <testcase classname="Scenario: Successful Login with Valid Credentials by data table" name="Given User is on Home Page" time="0.002"/>
  <testcase classname="Scenario: Successful Login with Valid Credentials by data table" name="When User Navigate to LogIn Page" time="0"/>
  <testcase classname="Scenario: Successful Login with Valid Credentials by data table" name="And User enters Credentials to LogIn" time="0"/>
  <testcase classname="Scenario: Successful Login with Valid Credentials by data table" name="Scenario: Successful Login with Valid Credentials by data table" time="0.019"/>
</testsuite>